[2021-09-02 07:57:18] count_by_price_range 200 250
[2021-09-02 07:57:18] 1
[2021-09-02 07:57:18] count_by_price_range 0 400
[2021-09-02 07:57:18] 3
[2021-09-02 07:57:18] count_by_price_range 200 400
[2021-09-02 07:57:18] 2
[2021-09-02 07:57:18] count_by_vendor_id 0
[2021-09-02 07:57:18] count_by_vendor_id 35
[2021-09-02 07:57:18] 2
[2021-09-02 07:57:18] count_by_vendor_id 84
[2021-09-02 07:57:18] 1
[2021-09-02 07:57:59] count_by_price_range 200 250
[2021-09-02 07:57:59] 1
[2021-09-02 07:57:59] count_by_price_range 0 400
[2021-09-02 07:57:59] 3
[2021-09-02 07:57:59] count_by_price_range 200 400
[2021-09-02 07:57:59] 2
[2021-09-02 07:57:59] count_by_vendor_id 0
[2021-09-02 07:57:59] 0
[2021-09-02 07:57:59] count_by_vendor_id 35
[2021-09-02 07:57:59] 2
[2021-09-02 07:57:59] count_by_vendor_id 84
[2021-09-02 07:57:59] 1
[2021-09-02 08:03:06] count_by_price_range 200 250
[2021-09-02 08:03:06] 1
[2021-09-02 08:03:06] count_by_price_range 0 400
[2021-09-02 08:03:06] 3
[2021-09-02 08:03:06] count_by_price_range 200 400
[2021-09-02 08:03:06] 2
[2021-09-02 08:03:06] count_by_vendor_id 0
[2021-09-02 08:03:06] 0
[2021-09-02 08:03:06] count_by_vendor_id 35
[2021-09-02 08:03:06] 2
[2021-09-02 08:03:06] count_by_vendor_id 84
[2021-09-02 08:03:06] 1
[2021-09-02 08:03:25] count_by_price_range 200 250
[2021-09-02 08:03:25] 1
[2021-09-02 08:03:25] count_by_price_range 0 400
[2021-09-02 08:03:25] 3
[2021-09-02 08:03:25] count_by_price_range 200 400
[2021-09-02 08:03:25] 2
[2021-09-02 08:03:25] count_by_price_range 0 0
[2021-09-02 08:03:25] 0
[2021-09-02 08:03:25] count_by_vendor_id 0
[2021-09-02 08:03:25] 0
[2021-09-02 08:03:25] count_by_vendor_id 35
[2021-09-02 08:03:25] 2
[2021-09-02 08:03:25] count_by_vendor_id 84
[2021-09-02 08:03:25] 1
[2021-09-02 08:03:48] count_by_price_range 200 250
[2021-09-02 08:03:48] 1
[2021-09-02 08:03:48] count_by_price_range 0 400
[2021-09-02 08:03:48] 3
[2021-09-02 08:03:48] count_by_price_range 200 400
[2021-09-02 08:03:48] 2
[2021-09-02 08:03:48] count_by_price_range 0 0
[2021-09-02 08:03:48] 0
[2021-09-02 08:03:48] count_by_vendor_id 0
[2021-09-02 08:03:48] 0
[2021-09-02 08:03:48] count_by_vendor_id 35
[2021-09-02 08:03:48] 2
[2021-09-02 08:03:48] count_by_vendor_id 84
[2021-09-02 08:03:48] 1
[2021-09-02 08:03:55] count_by_price_range 200 250
[2021-09-02 08:03:55] 1
[2021-09-02 08:03:55] count_by_price_range 0 400
[2021-09-02 08:03:55] 3
[2021-09-02 08:03:55] count_by_price_range 200 400
[2021-09-02 08:03:55] 2
[2021-09-02 08:03:55] count_by_price_range 0 0
[2021-09-02 08:03:55] 0
[2021-09-02 08:03:55] count_by_vendor_id 0
[2021-09-02 08:03:55] 0
[2021-09-02 08:03:55] count_by_vendor_id 35
[2021-09-02 08:03:55] 2
[2021-09-02 08:03:55] count_by_vendor_id 84
[2021-09-02 08:03:55] 1
[2021-09-02 11:30:20] count_by_price_range 1 1000
[2021-09-02 11:30:20] 3
[2021-09-02 08:30:25] count_by_price_range 200 250
[2021-09-02 08:30:25] 1
[2021-09-02 08:30:25] count_by_price_range 0 400
[2021-09-02 08:30:25] 3
[2021-09-02 08:30:25] count_by_price_range 200 400
[2021-09-02 08:30:25] 2
[2021-09-02 08:30:25] count_by_price_range 0 0
[2021-09-02 08:30:25] 0
[2021-09-02 08:30:25] count_by_vendor_id 0
[2021-09-02 08:30:25] 0
[2021-09-02 08:30:25] count_by_vendor_id 35
[2021-09-02 08:30:25] 2
[2021-09-02 08:30:25] count_by_vendor_id 84
[2021-09-02 08:30:25] 1
[2021-09-02 11:32:27] count_by_price_range 1 1000
[2021-09-02 11:32:27] 3
[2021-09-02 11:32:43] count_by_price_range 1 1000
[2021-09-02 11:32:43] Error: Invalid input
[2021-09-02 11:33:36] count_by_price_range 1 1000
[2021-09-02 11:33:36] Error: Invalid input
[2021-09-02 11:35:23] count_by_price_range 1 1000
[2021-09-02 11:35:23] 3
[2021-09-02 08:35:26] count_by_price_range 200 250
[2021-09-02 08:35:26] 1
[2021-09-02 08:35:26] count_by_price_range 0 400
[2021-09-02 08:35:26] 3
[2021-09-02 08:35:26] count_by_price_range 200 400
[2021-09-02 08:35:26] 2
[2021-09-02 08:35:26] count_by_price_range 0 0
[2021-09-02 08:35:26] 0
[2021-09-02 08:35:26] count_by_vendor_id 0
[2021-09-02 08:35:26] 0
[2021-09-02 08:35:26] count_by_vendor_id 35
[2021-09-02 08:35:26] 2
[2021-09-02 08:35:26] count_by_vendor_id 84
[2021-09-02 08:35:26] 1
[2021-09-02 09:53:53] count_by_price_range 200 250
[2021-09-02 09:53:53] 1
[2021-09-02 09:53:53] count_by_price_range 0 400
[2021-09-02 09:53:53] 3
[2021-09-02 09:53:53] count_by_price_range 200 400
[2021-09-02 09:53:53] 2
[2021-09-02 09:53:53] count_by_price_range 0 0
[2021-09-02 09:53:53] 0
[2021-09-02 09:53:53] count_by_vendor_id 0
[2021-09-02 09:53:53] 0
[2021-09-02 09:53:53] count_by_vendor_id 35
[2021-09-02 09:53:53] 2
[2021-09-02 09:53:53] count_by_vendor_id 84
[2021-09-02 09:53:53] 1
[2021-09-02 10:09:29] count_by_price_range 200 250
[2021-09-02 10:09:29] 1
[2021-09-02 10:09:29] count_by_price_range 0 400
[2021-09-02 10:09:29] 3
[2021-09-02 10:09:29] count_by_price_range 200 400
[2021-09-02 10:09:29] 2
[2021-09-02 10:09:29] count_by_price_range 0 0
[2021-09-02 10:09:29] 0
[2021-09-02 10:09:29] count_by_vendor_id 0
[2021-09-02 10:09:29] 0
[2021-09-02 10:09:29] count_by_vendor_id 35
[2021-09-02 10:09:29] 2
[2021-09-02 10:09:29] count_by_vendor_id 84
[2021-09-02 10:09:29] 1
[2021-09-02 10:09:29] invalid_command 
[2021-09-02 10:11:35] count_by_price_range 200 250
[2021-09-02 10:11:35] 1
[2021-09-02 10:11:35] count_by_price_range 0 400
[2021-09-02 10:11:35] 3
[2021-09-02 10:11:35] count_by_price_range 200 400
[2021-09-02 10:11:35] 2
[2021-09-02 10:11:35] count_by_price_range 0 0
[2021-09-02 10:11:35] 0
[2021-09-02 10:11:35] count_by_vendor_id 0
[2021-09-02 10:11:35] 0
[2021-09-02 10:11:35] count_by_vendor_id 35
[2021-09-02 10:11:35] 2
[2021-09-02 10:11:35] count_by_vendor_id 84
[2021-09-02 10:11:35] 1
[2021-09-02 10:11:35] invalid_command 
[2021-09-02 10:12:04] count_by_price_range 200 250
[2021-09-02 10:12:04] 1
[2021-09-02 10:12:04] count_by_price_range 0 400
[2021-09-02 10:12:04] 3
[2021-09-02 10:12:04] count_by_price_range 200 400
[2021-09-02 10:12:04] 2
[2021-09-02 10:12:04] count_by_price_range 0 0
[2021-09-02 10:12:04] 0
[2021-09-02 10:12:04] count_by_vendor_id 0
[2021-09-02 10:12:04] 0
[2021-09-02 10:12:04] count_by_vendor_id 35
[2021-09-02 10:12:04] 2
[2021-09-02 10:12:04] count_by_vendor_id 84
[2021-09-02 10:12:04] 1
[2021-09-02 10:12:04] invalid_command 
[2021-09-02 10:12:43] count_by_price_range 200 250
[2021-09-02 10:12:43] 1
[2021-09-02 10:12:43] count_by_price_range 0 400
[2021-09-02 10:12:43] 3
[2021-09-02 10:12:43] count_by_price_range 200 400
[2021-09-02 10:12:43] 2
[2021-09-02 10:12:43] count_by_price_range 0 0
[2021-09-02 10:12:43] 0
[2021-09-02 10:12:43] count_by_vendor_id 0
[2021-09-02 10:12:43] 0
[2021-09-02 10:12:43] count_by_vendor_id 35
[2021-09-02 10:12:43] 2
[2021-09-02 10:12:43] count_by_vendor_id 84
[2021-09-02 10:12:43] 1
[2021-09-02 10:12:43] invalid_command 
[2021-09-02 10:14:27] count_by_price_range 200 250
[2021-09-02 10:14:27] 1
[2021-09-02 10:14:27] count_by_price_range 0 400
[2021-09-02 10:14:27] 3
[2021-09-02 10:14:27] count_by_price_range 200 400
[2021-09-02 10:14:27] 2
[2021-09-02 10:14:27] count_by_price_range 0 0
[2021-09-02 10:14:27] 0
[2021-09-02 10:14:27] count_by_vendor_id 0
[2021-09-02 10:14:27] 0
[2021-09-02 10:14:27] count_by_vendor_id 35
[2021-09-02 10:14:27] 2
[2021-09-02 10:14:27] count_by_vendor_id 84
[2021-09-02 10:14:27] 1
[2021-09-02 10:14:27] invalid_command 
[2021-09-02 10:48:51] count_by_price_range 200 250
[2021-09-02 10:48:51] 1
[2021-09-02 10:48:51] count_by_price_range 0 400
[2021-09-02 10:48:51] 3
[2021-09-02 10:48:51] count_by_price_range 200 400
[2021-09-02 10:48:51] 2
[2021-09-02 10:48:51] count_by_price_range 0 0
[2021-09-02 10:48:51] 0
[2021-09-02 10:48:51] count_by_vendor_id 0
[2021-09-02 10:48:51] 0
[2021-09-02 10:48:51] count_by_vendor_id 35
[2021-09-02 10:48:51] 2
[2021-09-02 10:48:51] count_by_vendor_id 84
[2021-09-02 10:48:51] 1
[2021-09-02 10:48:51] invalid_command 
